Unity Editor version:    2019.4.33f1 (c9b2b02eeeef)
Branch:                  2019.4/staging
Build type:              Debug
Batch mode:              YES
macOS version:           Version 10.14.6 (Build 18G103)
Darwin version:          18.7.0
Architecture:            x86_64
Running under Rosetta:   NO
Available memory:        16384 MB
[LicensingClient] ERROR Failed to connect to local IPC
[Licensing::Module] Failed to connect to channel: LicenseClient-zapparadmin
Launching external process: /Applications/Unity/Hub/Editor/2019.4.33f1/Unity.app/Contents/Frameworks/UnityLicensingClient.app/Contents/Resources/Unity.Licensing.Client
[Licensing::Module] Successfully launched the LicensingClient
[Licensing::Module] Successfully connected to LicensingClient on channel: LicenseClient-zapparadmin
[Licensing::Module] Successfully launched and connected to LicensingClient
Entitlement-based licensing initiated
[LicensingClient] Licenses Updated successfully in LicensingClient
[Licensing::Module] Serial number assigned to: "SB-PBF7-KAEQ-53XU-28WX-XXXX"\nPro License: YES

LICENSE SYSTEM [2021122 14:52:51] Next license update check is after 2020-06-26T15:06:05


LICENSE SYSTEM [2021122 14:52:51] Current license is already valid and activated. Skipping license activation process (Provided username/password will be ignored).
[Package Manager] Server::Start -- Port 62999 was selected
Launching external process: /Applications/Unity/Hub/Editor/2019.4.33f1/Unity.app/Contents/Resources/PackageManager/Server/UnityPackageManager

COMMAND LINE ARGUMENTS:
/Applications/Unity/Hub/Editor/2019.4.33f1/Unity.app/Contents/MacOS/Unity
-quit
-batchmode
-nographics
-logFile
unitylog-settings.log
-serial
(hidden)
-username
connell@zappar.com
-password
(hidden)
-projectPath
./
-executeMethod
ImportZCV.UpdateProjectSettings
Successfully changed project path to: /Users/zapparadmin/builds/7fcaf854/0/vision/zappar-unity-examples/build/face-tracking-landmark
/Users/zapparadmin/builds/7fcaf854/0/vision/zappar-unity-examples/build/face-tracking-landmark
Using Asset Import Pipeline V2.
DisplayProgressbar: Unity Package Manager
Adding genesis user token [Package Manager] Done resolving packages in 0.64s seconds
[Package Manager] Done checking package constraints in 0.00s seconds
[Package Manager] 
Registered 46 packages:
  Packages from [https://packages.unity.com]:
    com.unity.collab-proxy@1.14.1 (location: /Users/zapparadmin/builds/7fcaf854/0/vision/zappar-unity-examples/build/face-tracking-landmark/Library/PackageCache/com.unity.collab-proxy@1.14.1)
    com.unity.ide.rider@1.2.1 (location: /Users/zapparadmin/builds/7fcaf854/0/vision/zappar-unity-examples/build/face-tracking-landmark/Library/PackageCache/com.unity.ide.rider@1.2.1)
    com.unity.ide.visualstudio@2.0.11 (location: /Users/zapparadmin/builds/7fcaf854/0/vision/zappar-unity-examples/build/face-tracking-landmark/Library/PackageCache/com.unity.ide.visualstudio@2.0.11)
    com.unity.ide.vscode@1.2.4 (location: /Users/zapparadmin/builds/7fcaf854/0/vision/zappar-unity-examples/build/face-tracking-landmark/Library/PackageCache/com.unity.ide.vscode@1.2.4)
    com.unity.render-pipelines.universal@7.6.0 (location: /Users/zapparadmin/builds/7fcaf854/0/vision/zappar-unity-examples/build/face-tracking-landmark/Library/PackageCache/com.unity.render-pipelines.universal@7.6.0)
    com.unity.test-framework@1.1.29 (location: /Users/zapparadmin/builds/7fcaf854/0/vision/zappar-unity-examples/build/face-tracking-landmark/Library/PackageCache/com.unity.test-framework@1.1.29)
    com.unity.textmeshpro@2.1.4 (location: /Users/zapparadmin/builds/7fcaf854/0/vision/zappar-unity-examples/build/face-tracking-landmark/Library/PackageCache/com.unity.textmeshpro@2.1.4)
    com.unity.timeline@1.2.18 (location: /Users/zapparadmin/builds/7fcaf854/0/vision/zappar-unity-examples/build/face-tracking-landmark/Library/PackageCache/com.unity.timeline@1.2.18)
    com.unity.editorcoroutines@1.0.0 (location: /Users/zapparadmin/builds/7fcaf854/0/vision/zappar-unity-examples/build/face-tracking-landmark/Library/PackageCache/com.unity.editorcoroutines@1.0.0)
    com.unity.ext.nunit@1.0.6 (location: /Users/zapparadmin/builds/7fcaf854/0/vision/zappar-unity-examples/build/face-tracking-landmark/Library/PackageCache/com.unity.ext.nunit@1.0.6)
    com.unity.render-pipelines.core@7.6.0 (location: /Users/zapparadmin/builds/7fcaf854/0/vision/zappar-unity-examples/build/face-tracking-landmark/Library/PackageCache/com.unity.render-pipelines.core@7.6.0)
    com.unity.shadergraph@7.6.0 (location: /Users/zapparadmin/builds/7fcaf854/0/vision/zappar-unity-examples/build/face-tracking-landmark/Library/PackageCache/com.unity.shadergraph@7.6.0)
  Built-in packages:
    com.unity.ugui@1.0.0 (location: /Users/zapparadmin/builds/7fcaf854/0/vision/zappar-unity-examples/build/face-tracking-landmark/Library/PackageCache/com.unity.ugui@1.0.0)
    com.unity.modules.ai@1.0.0 (location: /Users/zapparadmin/builds/7fcaf854/0/vision/zappar-unity-examples/build/face-tracking-landmark/Library/PackageCache/com.unity.modules.ai@1.0.0)
    com.unity.modules.androidjni@1.0.0 (location: /Users/zapparadmin/builds/7fcaf854/0/vision/zappar-unity-examples/build/face-tracking-landmark/Library/PackageCache/com.unity.modules.androidjni@1.0.0)
    com.unity.modules.animation@1.0.0 (location: /Users/zapparadmin/builds/7fcaf854/0/vision/zappar-unity-examples/build/face-tracking-landmark/Library/PackageCache/com.unity.modules.animation@1.0.0)
    com.unity.modules.assetbundle@1.0.0 (location: /Users/zapparadmin/builds/7fcaf854/0/vision/zappar-unity-examples/build/face-tracking-landmark/Library/PackageCache/com.unity.modules.assetbundle@1.0.0)
    com.unity.modules.audio@1.0.0 (location: /Users/zapparadmin/builds/7fcaf854/0/vision/zappar-unity-examples/build/face-tracking-landmark/Library/PackageCache/com.unity.modules.audio@1.0.0)
    com.unity.modules.cloth@1.0.0 (location: /Users/zapparadmin/builds/7fcaf854/0/vision/zappar-unity-examples/build/face-tracking-landmark/Library/PackageCache/com.unity.modules.cloth@1.0.0)
    com.unity.modules.director@1.0.0 (location: /Users/zapparadmin/builds/7fcaf854/0/vision/zappar-unity-examples/build/face-tracking-landmark/Library/PackageCache/com.unity.modules.director@1.0.0)
    com.unity.modules.imageconversion@1.0.0 (location: /Users/zapparadmin/builds/7fcaf854/0/vision/zappar-unity-examples/build/face-tracking-landmark/Library/PackageCache/com.unity.modules.imageconversion@1.0.0)
    com.unity.modules.imgui@1.0.0 (location: /Users/zapparadmin/builds/7fcaf854/0/vision/zappar-unity-examples/build/face-tracking-landmark/Library/PackageCache/com.unity.modules.imgui@1.0.0)
    com.unity.modules.jsonserialize@1.0.0 (location: /Users/zapparadmin/builds/7fcaf854/0/vision/zappar-unity-examples/build/face-tracking-landmark/Library/PackageCache/com.unity.modules.jsonserialize@1.0.0)
    com.unity.modules.particlesystem@1.0.0 (location: /Users/zapparadmin/builds/7fcaf854/0/vision/zappar-unity-examples/build/face-tracking-landmark/Library/PackageCache/com.unity.modules.particlesystem@1.0.0)
    com.unity.modules.physics@1.0.0 (location: /Users/zapparadmin/builds/7fcaf854/0/vision/zappar-unity-examples/build/face-tracking-landmark/Library/PackageCache/com.unity.modules.physics@1.0.0)
    com.unity.modules.physics2d@1.0.0 (location: /Users/zapparadmin/builds/7fcaf854/0/vision/zappar-unity-examples/build/face-tracking-landmark/Library/PackageCache/com.unity.modules.physics2d@1.0.0)
    com.unity.modules.screencapture@1.0.0 (location: /Users/zapparadmin/builds/7fcaf854/0/vision/zappar-unity-examples/build/face-tracking-landmark/Library/PackageCache/com.unity.modules.screencapture@1.0.0)
    com.unity.modules.terrain@1.0.0 (location: /Users/zapparadmin/builds/7fcaf854/0/vision/zappar-unity-examples/build/face-tracking-landmark/Library/PackageCache/com.unity.modules.terrain@1.0.0)
    com.unity.modules.terrainphysics@1.0.0 (location: /Users/zapparadmin/builds/7fcaf854/0/vision/zappar-unity-examples/build/face-tracking-landmark/Library/PackageCache/com.unity.modules.terrainphysics@1.0.0)
    com.unity.modules.tilemap@1.0.0 (location: /Users/zapparadmin/builds/7fcaf854/0/vision/zappar-unity-examples/build/face-tracking-landmark/Library/PackageCache/com.unity.modules.tilemap@1.0.0)
    com.unity.modules.ui@1.0.0 (location: /Users/zapparadmin/builds/7fcaf854/0/vision/zappar-unity-examples/build/face-tracking-landmark/Library/PackageCache/com.unity.modules.ui@1.0.0)
    com.unity.modules.uielements@1.0.0 (location: /Users/zapparadmin/builds/7fcaf854/0/vision/zappar-unity-examples/build/face-tracking-landmark/Library/PackageCache/com.unity.modules.uielements@1.0.0)
    com.unity.modules.umbra@1.0.0 (location: /Users/zapparadmin/builds/7fcaf854/0/vision/zappar-unity-examples/build/face-tracking-landmark/Library/PackageCache/com.unity.modules.umbra@1.0.0)
    com.unity.modules.unityanalytics@1.0.0 (location: /Users/zapparadmin/builds/7fcaf854/0/vision/zappar-unity-examples/build/face-tracking-landmark/Library/PackageCache/com.unity.modules.unityanalytics@1.0.0)
    com.unity.modules.unitywebrequest@1.0.0 (location: /Users/zapparadmin/builds/7fcaf854/0/vision/zappar-unity-examples/build/face-tracking-landmark/Library/PackageCache/com.unity.modules.unitywebrequest@1.0.0)
    com.unity.modules.unitywebrequestassetbundle@1.0.0 (location: /Users/zapparadmin/builds/7fcaf854/0/vision/zappar-unity-examples/build/face-tracking-landmark/Library/PackageCache/com.unity.modules.unitywebrequestassetbundle@1.0.0)
    com.unity.modules.unitywebrequestaudio@1.0.0 (location: /Users/zapparadmin/builds/7fcaf854/0/vision/zappar-unity-examples/build/face-tracking-landmark/Library/PackageCache/com.unity.modules.unitywebrequestaudio@1.0.0)
    com.unity.modules.unitywebrequesttexture@1.0.0 (location: /Users/zapparadmin/builds/7fcaf854/0/vision/zappar-unity-examples/build/face-tracking-landmark/Library/PackageCache/com.unity.modules.unitywebrequesttexture@1.0.0)
    com.unity.modules.unitywebrequestwww@1.0.0 (location: /Users/zapparadmin/builds/7fcaf854/0/vision/zappar-unity-examples/build/face-tracking-landmark/Library/PackageCache/com.unity.modules.unitywebrequestwww@1.0.0)
    com.unity.modules.vehicles@1.0.0 (location: /Users/zapparadmin/builds/7fcaf854/0/vision/zappar-unity-examples/build/face-tracking-landmark/Library/PackageCache/com.unity.modules.vehicles@1.0.0)
    com.unity.modules.video@1.0.0 (location: /Users/zapparadmin/builds/7fcaf854/0/vision/zappar-unity-examples/build/face-tracking-landmark/Library/PackageCache/com.unity.modules.video@1.0.0)
    com.unity.modules.vr@1.0.0 (location: /Users/zapparadmin/builds/7fcaf854/0/vision/zappar-unity-examples/build/face-tracking-landmark/Library/PackageCache/com.unity.modules.vr@1.0.0)
    com.unity.modules.wind@1.0.0 (location: /Users/zapparadmin/builds/7fcaf854/0/vision/zappar-unity-examples/build/face-tracking-landmark/Library/PackageCache/com.unity.modules.wind@1.0.0)
    com.unity.modules.xr@1.0.0 (location: /Users/zapparadmin/builds/7fcaf854/0/vision/zappar-unity-examples/build/face-tracking-landmark/Library/PackageCache/com.unity.modules.xr@1.0.0)
    com.unity.modules.subsystems@1.0.0 (location: /Users/zapparadmin/builds/7fcaf854/0/vision/zappar-unity-examples/build/face-tracking-landmark/Library/PackageCache/com.unity.modules.subsystems@1.0.0)
  Git packages:
    com.zappar.uar@https://github.com/zappar-xr/universal-ar-unity.git (location: /Users/zapparadmin/builds/7fcaf854/0/vision/zappar-unity-examples/build/face-tracking-landmark/Library/PackageCache/com.zappar.uar@d1f34204f1)

[Subsystems] No new subsystems found in resolved package list.
[Package Manager] Done registering packages in 0.05s seconds
Refreshing native plugins compatible for Editor in 49.26 ms, found 5 plugins.
Preloading 1 native plugins for Editor in 2.32 ms.
Initialize engine version: 2019.4.33f1 (c9b2b02eeeef)
[Subsystems] Discovering subsystems at path /Applications/Unity/Hub/Editor/2019.4.33f1/Unity.app/Contents/Resources/UnitySubsystems
[Subsystems] Discovering subsystems at path /Users/zapparadmin/builds/7fcaf854/0/vision/zappar-unity-examples/build/face-tracking-landmark/Assets
Forcing GfxDevice: Null
GfxDevice: creating device client; threaded=0
NullGfxDevice:
    Version:  NULL 1.0 [1.0]
    Renderer: Null Device
    Vendor:   Unity Technologies
Initialize mono
Mono path[0] = '/Applications/Unity/Hub/Editor/2019.4.33f1/Unity.app/Contents/Managed'
Mono path[1] = '/Applications/Unity/Hub/Editor/2019.4.33f1/Unity.app/Contents/MonoBleedingEdge/lib/mono/unityjit'
Mono config path = '/Applications/Unity/Hub/Editor/2019.4.33f1/Unity.app/Contents/MonoBleedingEdge/etc'
Using monoOptions --debugger-agent=transport=dt_socket,embedding=1,server=y,suspend=n,address=127.0.0.1:56341
ImportWorker Server TCP listen port: 63006
Begin MonoManager ReloadAssembly
Registering precompiled unity dll's ...
Register platform support module: /Applications/Unity/Hub/Editor/2019.4.33f1/PlaybackEngines/WebGLSupport/UnityEditor.WebGL.Extensions.dll
Register platform support module: /Applications/Unity/Hub/Editor/2019.4.33f1/Unity.app/Contents/PlaybackEngines/MacStandaloneSupport/UnityEditor.OSXStandalone.Extensions.dll
Register platform support module: /Applications/Unity/Hub/Editor/2019.4.33f1/PlaybackEngines/AndroidPlayer/UnityEditor.Android.Extensions.dll
Register platform support module: /Applications/Unity/Hub/Editor/2019.4.33f1/PlaybackEngines/iOSSupport/UnityEditor.iOS.Extensions.dll
Registered in 0.024037 seconds.
[usbmuxd] Start listen thread
[usbmuxd] Listen thread started
[usbmuxd] Send listen message
Native extension for iOS target not found
Native extension for Android target not found
Native extension for OSXStandalone target not found
Native extension for WebGL target not found
Refreshing native plugins compatible for Editor in 40.44 ms, found 5 plugins.
Preloading 1 native plugins for Editor in 0.42 ms.
Mono: successfully reloaded assembly
- Completed reload, in  2.067 seconds
Domain Reload Profiling:
	ReloadAssembly (2096ms)
		BeginReloadAssembly (36ms)
			ExecutionOrderSort (0ms)
			DisableScriptedObjects (0ms)
			BackupInstance (0ms)
			ReleaseScriptingObjects (0ms)
			CreateAndSetChildDomain (1ms)
		EndReloadAssembly (624ms)
			LoadAssemblies (35ms)
			RebuildTransferFunctionScriptingTraits (0ms)
			SetupTypeCache (184ms)
			ReleaseScriptCaches (0ms)
			RebuildScriptCaches (40ms)
			SetupLoadedEditorAssemblies (341ms)
				LogAssemblyErrors (0ms)
				InitializePlatformSupportModulesInManaged (207ms)
				SetLoadedEditorAssemblies (1ms)
				RefreshPlugins (41ms)
				BeforeProcessingInitializeOnLoad (2ms)
				ProcessInitializeOnLoadAttributes (83ms)
				ProcessInitializeOnLoadMethodAttributes (9ms)
				AfterProcessingInitializeOnLoad (0ms)
				EditorAssembliesLoaded (0ms)
			ExecutionOrderSort2 (0ms)
			AwakeInstancesAfterBackupRestoration (0ms)
Registering precompiled user dll's ...
Registered in 0.062767 seconds.
Platform modules already initialized, skipping
Validating Project structure ... 0.000810 seconds.
Shader import version has changed; will reimport all shaders...
Upgrading shader files ...0.001190 seconds.
Begin MonoManager ReloadAssembly
Native extension for iOS target not found
Native extension for Android target not found
Native extension for OSXStandalone target not found
Native extension for WebGL target not found
Refreshing native plugins compatible for Editor in 45.13 ms, found 5 plugins.
Preloading 1 native plugins for Editor in 0.42 ms.
Mono: successfully reloaded assembly
- Completed reload, in  1.138 seconds
Domain Reload Profiling:
	ReloadAssembly (1187ms)
		BeginReloadAssembly (66ms)
			ExecutionOrderSort (0ms)
			DisableScriptedObjects (1ms)
			BackupInstance (0ms)
			ReleaseScriptingObjects (0ms)
			CreateAndSetChildDomain (30ms)
		EndReloadAssembly (1045ms)
			LoadAssemblies (56ms)
			RebuildTransferFunctionScriptingTraits (0ms)
			SetupTypeCache (355ms)
			ReleaseScriptCaches (0ms)
			RebuildScriptCaches (66ms)
			SetupLoadedEditorAssemblies (440ms)
				LogAssemblyErrors (0ms)
				InitializePlatformSupportModulesInManaged (38ms)
				SetLoadedEditorAssemblies (1ms)
				RefreshPlugins (46ms)
				BeforeProcessingInitializeOnLoad (87ms)
				ProcessInitializeOnLoadAttributes (263ms)
				ProcessInitializeOnLoadMethodAttributes (5ms)
				AfterProcessingInitializeOnLoad (1ms)
				EditorAssembliesLoaded (0ms)
			ExecutionOrderSort2 (0ms)
			AwakeInstancesAfterBackupRestoration (1ms)
Platform modules already initialized, skipping
RefreshInfo: InitialScriptRefreshV2(NoUpdateAssetOptions)
RefreshProfiler: Total: 1694.805ms
	InvokeBeforeRefreshCallbacks: 0.126ms
	ApplyChangesToAssetFolders: 0.053ms
	WriteModifiedImportersToTextMetaFiles: 0.000ms
	CleanLegacyArtifacts: 0.000ms
	Scan: 32.275ms
	OnSourceAssetsModified: 0.000ms
	UnregisterDeletedAssets: 0.000ms
	InitializeImportedAssetsSnapshot: 0.165ms
	GetAllGuidsForCategorization: 0.212ms
	CategorizeAssets: 51.210ms
	ImportAndPostprocessOutOfDateAssets: 1599.984ms (1599.301ms without children)
		ImportManagerImport: 0.000ms (0.000ms without children)
			ImportInProcess: 0.000ms
			ImportOutOfProcess: 0.000ms
			UpdateCategorizedAssets: 0.000ms
			RemoteAssetCacheGetArtifact: 0.000ms (0.000ms without children)
				RemoteAssetCacheResolve: 0.000ms
				RemoteAssetCacheDownloadFile: 0.000ms
		CompileScripts: 0.000ms
		PostProcessAllAssets: 0.000ms
		ReloadImportedAssets: 0.000ms
		VerifyAssetsAreUpToDateAndCorrect: 0.000ms
		EnsureUptoDateAssetsAreRegisteredWithGuidPM: 0.286ms
		InitializingProgressBar: 0.001ms
		PostProcessAllAssetNotificationsAddChangedAssets: 0.263ms
		OnDemandSchedulerStart: 0.000ms
		RestoreLoadedAssetsState: 0.133ms
	InvokeProjectHasChanged: 0.000ms
	UpdateImportedAssetsSnapshot: 0.000ms
	ReloadSourceAssets: 0.588ms
	UnloadImportedAssets: 0.004ms
	Hotreload: 0.181ms
	FixTempGuids: 0.003ms
	VerifyGuidPMRegistrations: 0.000ms
	GatherAllCurrentPrimaryArtifactRevisions: 0.000ms
	UnloadStreamsBegin: 0.285ms
	LoadedImportedAssetsSnapshotReleaseGCHandles: 0.005ms
	GetLoadedSourceAssetsSnapshot: 0.216ms
	PersistCurrentRevisions: 0.000ms
	UnloadStreamsEnd: 8.633ms
	GenerateScriptTypeHashes: 0.182ms
	Untracked: 0.864ms
Refresh completed in 0.087640 seconds.
RefreshInfo: RefreshV2(ForceSynchronousImport)
RefreshProfiler: Total: 87.636ms
	InvokeBeforeRefreshCallbacks: 0.164ms
	ApplyChangesToAssetFolders: 0.059ms
	WriteModifiedImportersToTextMetaFiles: 0.000ms
	CleanLegacyArtifacts: 0.000ms
	Scan: 30.783ms
	OnSourceAssetsModified: 0.001ms
	UnregisterDeletedAssets: 0.000ms
	InitializeImportedAssetsSnapshot: 5.753ms
	GetAllGuidsForCategorization: 0.310ms
	CategorizeAssets: 43.289ms
	ImportAndPostprocessOutOfDateAssets: 3.969ms (1.270ms without children)
		ImportManagerImport: 0.000ms (0.000ms without children)
			ImportInProcess: 0.000ms
			ImportOutOfProcess: 0.000ms
			UpdateCategorizedAssets: 0.000ms
			RemoteAssetCacheGetArtifact: 0.000ms (0.000ms without children)
				RemoteAssetCacheResolve: 0.000ms
				RemoteAssetCacheDownloadFile: 0.000ms
		CompileScripts: 0.000ms
		PostProcessAllAssets: 0.000ms
		ReloadImportedAssets: 0.000ms
		VerifyAssetsAreUpToDateAndCorrect: 0.000ms
		EnsureUptoDateAssetsAreRegisteredWithGuidPM: 0.345ms
		InitializingProgressBar: 0.000ms
		PostProcessAllAssetNotificationsAddChangedAssets: 0.140ms
		OnDemandSchedulerStart: 0.671ms
		RestoreLoadedAssetsState: 1.543ms
	InvokeProjectHasChanged: 0.000ms
	UpdateImportedAssetsSnapshot: 0.000ms
	ReloadSourceAssets: 0.561ms
	UnloadImportedAssets: 0.108ms
	Hotreload: 0.012ms
	FixTempGuids: 0.003ms
	VerifyGuidPMRegistrations: 0.000ms
	GatherAllCurrentPrimaryArtifactRevisions: 0.332ms
	UnloadStreamsBegin: 0.012ms
	LoadedImportedAssetsSnapshotReleaseGCHandles: 0.618ms
	GetLoadedSourceAssetsSnapshot: 2.255ms
	PersistCurrentRevisions: 0.000ms
	UnloadStreamsEnd: 0.012ms
	GenerateScriptTypeHashes: 1.157ms
	Untracked: -0.604ms
Shader 'Universal Render Pipeline/Particles/Lit': fallback shader 'Universal Render Pipeline/Particles/SimpleLit' not found
RefreshInfo: StopAssetImportingV2(ForceSynchronousImport)
RefreshProfiler: Total: 8.342ms
	InvokeBeforeRefreshCallbacks: 0.137ms
	ApplyChangesToAssetFolders: 0.056ms
	WriteModifiedImportersToTextMetaFiles: 0.000ms
	CleanLegacyArtifacts: 0.000ms
	Scan: 1.520ms
	OnSourceAssetsModified: 0.000ms
	UnregisterDeletedAssets: 0.000ms
	InitializeImportedAssetsSnapshot: 3.822ms
	GetAllGuidsForCategorization: 0.000ms
	CategorizeAssets: 0.000ms
	ImportAndPostprocessOutOfDateAssets: 0.000ms (0.000ms without children)
		ImportManagerImport: 0.000ms (0.000ms without children)
			ImportInProcess: 0.000ms
			ImportOutOfProcess: 0.000ms
			UpdateCategorizedAssets: 0.000ms
			RemoteAssetCacheGetArtifact: 0.000ms (0.000ms without children)
				RemoteAssetCacheResolve: 0.000ms
				RemoteAssetCacheDownloadFile: 0.000ms
		CompileScripts: 0.000ms
		PostProcessAllAssets: 0.000ms
		ReloadImportedAssets: 0.000ms
		VerifyAssetsAreUpToDateAndCorrect: 0.000ms
		EnsureUptoDateAssetsAreRegisteredWithGuidPM: 0.000ms
		InitializingProgressBar: 0.000ms
		PostProcessAllAssetNotificationsAddChangedAssets: 0.000ms
		OnDemandSchedulerStart: 0.000ms
		RestoreLoadedAssetsState: 0.000ms
	InvokeProjectHasChanged: 0.000ms
	UpdateImportedAssetsSnapshot: 0.000ms
	ReloadSourceAssets: 0.000ms
	UnloadImportedAssets: 0.000ms
	Hotreload: 0.016ms
	FixTempGuids: 0.003ms
	VerifyGuidPMRegistrations: 0.000ms
	GatherAllCurrentPrimaryArtifactRevisions: 0.347ms
	UnloadStreamsBegin: 0.289ms
	LoadedImportedAssetsSnapshotReleaseGCHandles: 0.628ms
	GetLoadedSourceAssetsSnapshot: 0.618ms
	PersistCurrentRevisions: 0.000ms
	UnloadStreamsEnd: 0.013ms
	GenerateScriptTypeHashes: 0.000ms
	Untracked: 0.890ms
Refresh completed in 0.081240 seconds.
RefreshInfo: RefreshV2(NoUpdateAssetOptions)
RefreshProfiler: Total: 81.234ms
	InvokeBeforeRefreshCallbacks: 0.000ms
	ApplyChangesToAssetFolders: 0.056ms
	WriteModifiedImportersToTextMetaFiles: 0.000ms
	CleanLegacyArtifacts: 0.000ms
	Scan: 30.065ms
	OnSourceAssetsModified: 0.000ms
	UnregisterDeletedAssets: 0.000ms
	InitializeImportedAssetsSnapshot: 3.888ms
	GetAllGuidsForCategorization: 0.239ms
	CategorizeAssets: 40.228ms
	ImportAndPostprocessOutOfDateAssets: 2.977ms (0.649ms without children)
		ImportManagerImport: 0.000ms (0.000ms without children)
			ImportInProcess: 0.000ms
			ImportOutOfProcess: 0.000ms
			UpdateCategorizedAssets: 0.000ms
			RemoteAssetCacheGetArtifact: 0.000ms (0.000ms without children)
				RemoteAssetCacheResolve: 0.000ms
				RemoteAssetCacheDownloadFile: 0.000ms
		CompileScripts: 0.000ms
		PostProcessAllAssets: 0.000ms
		ReloadImportedAssets: 0.000ms
		VerifyAssetsAreUpToDateAndCorrect: 0.000ms
		EnsureUptoDateAssetsAreRegisteredWithGuidPM: 0.347ms
		InitializingProgressBar: 0.000ms
		PostProcessAllAssetNotificationsAddChangedAssets: 0.140ms
		OnDemandSchedulerStart: 0.189ms
		RestoreLoadedAssetsState: 1.652ms
	InvokeProjectHasChanged: 0.000ms
	UpdateImportedAssetsSnapshot: 0.000ms
	ReloadSourceAssets: 0.639ms
	UnloadImportedAssets: 0.122ms
	Hotreload: 0.039ms
	FixTempGuids: 0.002ms
	VerifyGuidPMRegistrations: 0.000ms
	GatherAllCurrentPrimaryArtifactRevisions: 0.345ms
	UnloadStreamsBegin: 0.282ms
	LoadedImportedAssetsSnapshotReleaseGCHandles: 0.652ms
	GetLoadedSourceAssetsSnapshot: 2.427ms
	PersistCurrentRevisions: 0.000ms
	UnloadStreamsEnd: 0.013ms
	GenerateScriptTypeHashes: 0.121ms
	Untracked: -0.741ms
Shader 'Universal Render Pipeline/Particles/Lit': fallback shader 'Universal Render Pipeline/Particles/SimpleLit' not found
Initializing Unity extensions:
 '/Applications/Unity/Hub/Editor/2019.4.33f1/Unity.app/Contents/UnityExtensions/Unity/UnityVR/Editor/UnityEditor.VR.dll'  GUID: 4ba2329b63d54f0187bcaa12486b1b0f
Unloading 99 Unused Serialized files (Serialized files now loaded: 0)
System memory in use before: 135.4 MB.
System memory in use after: 134.4 MB.

Unloading 168 unused Assets to reduce memory usage. Loaded Objects now: 2688.
Total: 3.465698 ms (FindLiveObjects: 0.332754 ms CreateObjectMapping: 0.128571 ms MarkObjects: 2.053900 ms  DeleteObjects: 0.949814 ms)

Done updating editor related project settings for publish
UnityEngine.StackTraceUtility:ExtractStackTrace () (at /Users/bokken/buildslave/unity/build/Runtime/Export/Scripting/StackTrace.cs:37)
UnityEngine.DebugLogHandler:LogFormat (UnityEngine.LogType,UnityEngine.Object,string,object[])
UnityEngine.Logger:Log (UnityEngine.LogType,object)
UnityEngine.Debug:Log (object)
Zappar.Editor.ZapparMenu:ZapparPublishSettings () (at Library/PackageCache/com.zappar.uar@d1f34204f1/Editor/ZapparMenu.cs:261)
ImportZCV:UpdateProjectSettings () (at Assets/Editor/ImportZCV.cs:38)
 
(Filename: /Users/bokken/buildslave/unity/build/Runtime/Export/Scripting/StackTrace.cs Line: 37)

Batchmode quit successfully invoked - shutting down!
[Performance] Application.InitializeProject                               :        1 samples, Peak.  5.67 s (1.0x), Avg.  5.67 s, Total. 5.672 s (84.7%)
[Performance] Application.PackageManager.StartServer                      :        1 samples, Peak.  3.66 ms (1.0x), Avg.  3.66 ms, Total. 3.659 ms (0.1%)
[Performance] Application.IsBrowserCacheEmpty                             :        1 samples, Peak.  56.7 us (1.0x), Avg.  56.7 us, Total. 56.70 us (0.0%)
[Performance] Application.AcquireProjectLock                              :        1 samples, Peak.  1.03 ms (1.0x), Avg.  1.03 ms, Total. 1.030 ms (0.0%)
[Performance] Application.InitializeEngineNoGraphics                      :        1 samples, Peak.  46.2 ms (1.0x), Avg.  46.2 ms, Total. 46.23 ms (0.7%)
[Performance] Application.PackageManager.Initialize                       :        1 samples, Peak.   520 ms (1.0x), Avg.   520 ms, Total. 519.8 ms (7.8%)
[Performance] CurlRequestCheck                                            :        8 samples, Peak.  48.2 us (1.8x), Avg.  26.3 us, Total. 210.8 us (0.0%)
[Performance] PackageManager::RunRequestSynchronously                     :       10 samples, Peak.   129 us (6.2x), Avg.  20.9 us, Total. 208.6 us (0.0%)
[Performance] Application.EngineGraphics.Initialize                       :        1 samples, Peak.  35.0 ms (1.0x), Avg.  35.0 ms, Total. 34.99 ms (0.5%)
[Performance] Application.GI.Initialize                                   :        1 samples, Peak.   389 us (1.0x), Avg.   389 us, Total. 388.8 us (0.0%)
[Performance] Application.LoadAllDefaultResourcesFromEditor               :        1 samples, Peak.  2.70 ms (1.0x), Avg.  2.70 ms, Total. 2.696 ms (0.0%)
[Performance] Application.LoadMonoAssemblies                              :        1 samples, Peak.  2.16 s (1.0x), Avg.  2.16 s, Total. 2.163 s (32.3%)
[Performance] RestoreManagedReferences                                    :        2 samples, Peak.  4.05 ms (2.0x), Avg.  2.03 ms, Total. 4.052 ms (0.1%)
[Performance] ProcessService.EditorAfterLoadAllAssemblies                 :        2 samples, Peak.  48.1 ms (1.2x), Avg.  38.7 ms, Total. 77.39 ms (1.2%)
[Performance] Application.ReadLicenseInfo                                 :        1 samples, Peak.  12.4 ms (1.0x), Avg.  12.4 ms, Total. 12.42 ms (0.2%)
[Performance] Application.InitialScriptRefresh                            :        1 samples, Peak.  1.70 s (1.0x), Avg.  1.70 s, Total. 1.696 s (25.3%)
[Performance] Application.AssetDatabase.Refresh                           :        1 samples, Peak.  87.7 ms (1.0x), Avg.  87.7 ms, Total. 87.69 ms (1.3%)
[Performance] Application.ImportAssetsWithMismatchingAssetImporterVersion :        1 samples, Peak.   120 ms (1.0x), Avg.   120 ms, Total. 119.8 ms (1.8%)
[Performance] Application.SyncCurrentColorSpace                           :        1 samples, Peak.  9.19 ms (1.0x), Avg.  9.19 ms, Total. 9.190 ms (0.1%)
[Performance] Application.OnUsbDevicesChanged                             :        1 samples, Peak.   362 us (1.0x), Avg.   362 us, Total. 362.2 us (0.0%)
[Performance] Application.AssetInstanceCacheUpdate                        :        1 samples, Peak.   195 ns (1.0x), Avg.   195 ns, Total. 195.0 ns (0.0%)
[Performance] Application.UnityExtensions.Initialize                      :        1 samples, Peak.   870 us (1.0x), Avg.   870 us, Total. 870.2 us (0.0%)
[Performance] Application.InitializeManagedCompilationPipeline            :        1 samples, Peak.  56.5 ms (1.0x), Avg.  56.5 ms, Total. 56.46 ms (0.8%)
[Performance] Application.ExecuteStartups                                 :        1 samples, Peak.  23.4 ms (1.0x), Avg.  23.4 ms, Total. 23.36 ms (0.3%)
[Performance] Application.RebuildOSMenu                                   :        1 samples, Peak.  55.4 ms (1.0x), Avg.  55.4 ms, Total. 55.44 ms (0.8%)
[Performance] UpdateAllMenus                                              :        1 samples, Peak.  55.4 ms (1.0x), Avg.  55.4 ms, Total. 55.43 ms (0.8%)
[Performance] Application.editorInitializingProject                       :        1 samples, Peak.  13.2 us (1.0x), Avg.  13.2 us, Total. 13.15 us (0.0%)
[Performance] GUIView.RepaintAll.PlayerLoopController                     :        1 samples, Peak.   207 ns (1.0x), Avg.   207 ns, Total. 207.0 ns (0.0%)
[Performance] Application.InvokeFinishedLoadingProject                    :        1 samples, Peak.  50.8 ms (1.0x), Avg.  50.8 ms, Total. 50.85 ms (0.8%)
[Performance] ProcessService.OnProjectLoaded                              :        1 samples, Peak.  47.3 ms (1.0x), Avg.  47.3 ms, Total. 47.33 ms (0.7%)
Cleanup mono
debugger-agent: Unable to listen on 42
[usbmuxd] Stop listen thread
[usbmuxd] Error: 
[usbmuxd] Listen thread exiting
Exiting batchmode successfully now!
[Package Manager] Server::Kill -- Server was shutdown
